<?xml version="1.0" encoding="UTF-8"?>
<!-- Generated by org.testng.reporters.JUnitReportReporter -->
<testsuite hostname="Bharti" failures="0" tests="8" name="cucumber.option.TestRunner" time="98.130" errors="2" timestamp="2023-12-07T12:19:10 IST" skipped="0">
  <testcase classname="cucumber.option.TestRunner" name="runScenario" time="5.830"/>
  <system-out/>
  <testcase classname="cucumber.option.TestRunner" name="runScenario" time="6.390"/>
  <system-out/>
  <testcase classname="cucumber.option.TestRunner" name="runScenario" time="26.176">
    <error message="Expected condition failed: waiting for element to be clickable: [[ChromeDriver: chrome on windows (7ad73bfa69908679de73d9c422ea9abc)] -&gt; xpath: //button[@style=&#039;position: absolute; left: 0px; top: 0px; width: 100%; height: 100%; margin: 0px; padding: 0px; border: none; opacity: 0; font-size: 8px; cursor: pointer;&#039;]] (tried for 20 second(s) with 500 milliseconds interval)
Build info: version: &#039;4.15.0&#039;, revision: &#039;1d14b5521b&#039;
System info: os.name: &#039;Windows 10&#039;, os.arch: &#039;amd64&#039;, os.version: &#039;10.0&#039;, java.version: &#039;19&#039;
Driver info: org.openqa.selenium.chrome.ChromeDriver
Capabilities {acceptInsecureCerts: false, browserName: chrome, browserVersion: 119.0.6045.200, chrome: {chromedriverVersion: 119.0.6045.105 (38c72552c5e..., userDataDir: C:\Users\DELL\AppData\Local...}, fedcm:accounts: true, goog:chromeOptions: {debuggerAddress: localhost:51090}, networkConnectionEnabled: false, pageLoadStrategy: normal, platformName: windows, proxy: Proxy(), se:cdp: ws://localhost:51090/devtoo..., se:cdpVersion: 119.0.6045.200, setWindowRect: true, strictFileInteractability: false, timeouts: {implicit: 0, pageLoad: 300000, script: 30000}, unhandledPromptBehavior: dismiss and notify, webauthn:extension:credBlob: true, webauthn:extension:largeBlob: true, webauthn:extension:minPinLength: true, webauthn:extension:prf: true, webauthn:virtualAuthenticators: true}
Session ID: 7ad73bfa69908679de73d9c422ea9abc" type="org.openqa.selenium.TimeoutException">
      <![CDATA[org.openqa.selenium.TimeoutException: Expected condition failed: waiting for element to be clickable: [[ChromeDriver: chrome on windows (7ad73bfa69908679de73d9c422ea9abc)] -> xpath: //button[@style='position: absolute; left: 0px; top: 0px; width: 100%; height: 100%; margin: 0px; padding: 0px; border: none; opacity: 0; font-size: 8px; cursor: pointer;']] (tried for 20 second(s) with 500 milliseconds interval)
Build info: version: '4.15.0', revision: '1d14b5521b'
System info: os.name: 'Windows 10', os.arch: 'amd64', os.version: '10.0', java.version: '19'
Driver info: org.openqa.selenium.chrome.ChromeDriver
Capabilities {acceptInsecureCerts: false, browserName: chrome, browserVersion: 119.0.6045.200, chrome: {chromedriverVersion: 119.0.6045.105 (38c72552c5e..., userDataDir: C:\Users\DELL\AppData\Local...}, fedcm:accounts: true, goog:chromeOptions: {debuggerAddress: localhost:51090}, networkConnectionEnabled: false, pageLoadStrategy: normal, platformName: windows, proxy: Proxy(), se:cdp: ws://localhost:51090/devtoo..., se:cdpVersion: 119.0.6045.200, setWindowRect: true, strictFileInteractability: false, timeouts: {implicit: 0, pageLoad: 300000, script: 30000}, unhandledPromptBehavior: dismiss and notify, webauthn:extension:credBlob: true, webauthn:extension:largeBlob: true, webauthn:extension:minPinLength: true, webauthn:extension:prf: true, webauthn:virtualAuthenticators: true}
Session ID: 7ad73bfa69908679de73d9c422ea9abc
at org.openqa.selenium.support.ui.WebDriverWait.timeoutException(WebDriverWait.java:84)
at org.openqa.selenium.support.ui.FluentWait.until(FluentWait.java:229)
at helper.Base.waitforelement(Base.java:143)
at helper.Base.clickOnElement(Base.java:149)
at page.LogOutPage.click_on_hamburger_menu(LogOutPage.java:15)
at stepDefination.LogOutPageStep.click_on_hamburger_menu(LogOutPageStep.java:13)
at ✽.click on hamburger menu(file:///C:/Automationselenium/com.Bank/src/test/java/features/ProductPage.feature:15)
]]>
    </error>
  </testcase> <!-- runScenario -->
  <system-out/>
  <testcase classname="cucumber.option.TestRunner" name="runScenario" time="7.405"/>
  <system-out/>
  <testcase classname="cucumber.option.TestRunner" name="runScenario" time="26.519">
    <error message="Expected condition failed: waiting for element to be clickable: [[ChromeDriver: chrome on windows (9396077988ced486f3f0ea3a384fb7fc)] -&gt; xpath: //button[@style=&#039;position: absolute; left: 0px; top: 0px; width: 100%; height: 100%; margin: 0px; padding: 0px; border: none; opacity: 0; font-size: 8px; cursor: pointer;&#039;]] (tried for 20 second(s) with 500 milliseconds interval)
Build info: version: &#039;4.15.0&#039;, revision: &#039;1d14b5521b&#039;
System info: os.name: &#039;Windows 10&#039;, os.arch: &#039;amd64&#039;, os.version: &#039;10.0&#039;, java.version: &#039;19&#039;
Driver info: org.openqa.selenium.chrome.ChromeDriver
Capabilities {acceptInsecureCerts: false, browserName: chrome, browserVersion: 119.0.6045.200, chrome: {chromedriverVersion: 119.0.6045.105 (38c72552c5e..., userDataDir: C:\Users\DELL\AppData\Local...}, fedcm:accounts: true, goog:chromeOptions: {debuggerAddress: localhost:51028}, networkConnectionEnabled: false, pageLoadStrategy: normal, platformName: windows, proxy: Proxy(), se:cdp: ws://localhost:51028/devtoo..., se:cdpVersion: 119.0.6045.200, setWindowRect: true, strictFileInteractability: false, timeouts: {implicit: 0, pageLoad: 300000, script: 30000}, unhandledPromptBehavior: dismiss and notify, webauthn:extension:credBlob: true, webauthn:extension:largeBlob: true, webauthn:extension:minPinLength: true, webauthn:extension:prf: true, webauthn:virtualAuthenticators: true}
Session ID: 9396077988ced486f3f0ea3a384fb7fc" type="org.openqa.selenium.TimeoutException">
      <![CDATA[org.openqa.selenium.TimeoutException: Expected condition failed: waiting for element to be clickable: [[ChromeDriver: chrome on windows (9396077988ced486f3f0ea3a384fb7fc)] -> xpath: //button[@style='position: absolute; left: 0px; top: 0px; width: 100%; height: 100%; margin: 0px; padding: 0px; border: none; opacity: 0; font-size: 8px; cursor: pointer;']] (tried for 20 second(s) with 500 milliseconds interval)
Build info: version: '4.15.0', revision: '1d14b5521b'
System info: os.name: 'Windows 10', os.arch: 'amd64', os.version: '10.0', java.version: '19'
Driver info: org.openqa.selenium.chrome.ChromeDriver
Capabilities {acceptInsecureCerts: false, browserName: chrome, browserVersion: 119.0.6045.200, chrome: {chromedriverVersion: 119.0.6045.105 (38c72552c5e..., userDataDir: C:\Users\DELL\AppData\Local...}, fedcm:accounts: true, goog:chromeOptions: {debuggerAddress: localhost:51028}, networkConnectionEnabled: false, pageLoadStrategy: normal, platformName: windows, proxy: Proxy(), se:cdp: ws://localhost:51028/devtoo..., se:cdpVersion: 119.0.6045.200, setWindowRect: true, strictFileInteractability: false, timeouts: {implicit: 0, pageLoad: 300000, script: 30000}, unhandledPromptBehavior: dismiss and notify, webauthn:extension:credBlob: true, webauthn:extension:largeBlob: true, webauthn:extension:minPinLength: true, webauthn:extension:prf: true, webauthn:virtualAuthenticators: true}
Session ID: 9396077988ced486f3f0ea3a384fb7fc
at org.openqa.selenium.support.ui.WebDriverWait.timeoutException(WebDriverWait.java:84)
at org.openqa.selenium.support.ui.FluentWait.until(FluentWait.java:229)
at helper.Base.waitforelement(Base.java:143)
at helper.Base.clickOnElement(Base.java:149)
at page.LogOutPage.click_on_hamburger_menu(LogOutPage.java:15)
at stepDefination.LogOutPageStep.click_on_hamburger_menu(LogOutPageStep.java:13)
at ✽.click on hamburger menu(file:///C:/Automationselenium/com.Bank/src/test/java/features/LogOut.feature:9)
]]>
    </error>
  </testcase> <!-- runScenario -->
  <system-out/>
  <testcase classname="cucumber.option.TestRunner" name="runScenario" time="7.611"/>
  <system-out/>
  <testcase classname="cucumber.option.TestRunner" name="runScenario" time="6.631"/>
  <system-out/>
  <testcase classname="cucumber.option.TestRunner" name="runScenario" time="11.568"/>
  <system-out/>
</testsuite> <!-- cucumber.option.TestRunner -->
